<?xml version="1.0" encoding="UTF-8"?>
<testsuite name="StudentTest" tests="1" skipped="0" failures="0" errors="0" timestamp="2023-02-01T14:43:42" hostname="alyannas-air" time="0.068">
  <properties/>
  <testcase name="enlist_full_section()" classname="StudentTest" time="0.068"/>
  <system-out><![CDATA[]]></system-out>
  <system-err><![CDATA[]]></system-err>
</testsuite>
